Change Component Designator: Old Designator=B? New Designator=B600
Change Component Designator: Old Designator=C? New Designator=C600
Change Component Designator: Old Designator=C? New Designator=C601
Change Component Designator: Old Designator=C? New Designator=C602
Change Component Designator: Old Designator=C? New Designator=C603
Change Component Designator: Old Designator=C? New Designator=C604
Change Component Designator: Old Designator=C? New Designator=C605
Change Component Designator: Old Designator=C? New Designator=C606
Change Component Designator: Old Designator=C? New Designator=C607
Change Component Designator: Old Designator=C? New Designator=C608
Change Component Designator: Old Designator=D? New Designator=D600
Change Component Designator: Old Designator=R? New Designator=R600
Change Component Designator: Old Designator=R? New Designator=R601
Change Component Designator: Old Designator=U? New Designator=U600
Change Component Designator: Old Designator=U? New Designator=U600
Change Component Designator: Old Designator=U? New Designator=U600
Change Component Designator: Old Designator=U? New Designator=U600
Change Component Designator: Old Designator=U? New Designator=U600
Change Component Designator: Old Designator=U? New Designator=U600
Change Component Designator: Old Designator=U? New Designator=U600
Change Component Designator: Old Designator=U? New Designator=U600
Change Component Designator: Old Designator=U? New Designator=U600
Change Component Designator: Old Designator=U? New Designator=U600
Change Component Part ID : Designator=U600 Old Part ID =10 New Part ID =11
Change Component Designator: Old Designator=U? New Designator=U600
Change Component Part ID : Designator=U600 Old Part ID =11 New Part ID =10
