Change Component Designator: Old Designator=C? New Designator=C500
Change Component Designator: Old Designator=C? New Designator=C501
Change Component Designator: Old Designator=C? New Designator=C502
Change Component Designator: Old Designator=C? New Designator=C503
Change Component Designator: Old Designator=D? New Designator=D500
Change Component Designator: Old Designator=D? New Designator=D501
Change Component Designator: Old Designator=D? New Designator=D502
Change Component Designator: Old Designator=J? New Designator=J501
Change Component Designator: Old Designator=J? New Designator=J505
Change Component Designator: Old Designator=J? New Designator=J501
Change Component Designator: Old Designator=J? New Designator=J505
Change Component Designator: Old Designator=J? New Designator=J501
Change Component Designator: Old Designator=J? New Designator=J505
Change Component Designator: Old Designator=J? New Designator=J500
Change Component Designator: Old Designator=J? New Designator=J502
Change Component Designator: Old Designator=J? New Designator=J503
Change Component Designator: Old Designator=J? New Designator=J504
Change Component Designator: Old Designator=J? New Designator=J506
Change Component Designator: Old Designator=J? New Designator=J507
Change Component Designator: Old Designator=L? New Designator=L500
Change Component Designator: Old Designator=L? New Designator=L501
Change Component Designator: Old Designator=L? New Designator=L502
Change Component Designator: Old Designator=R? New Designator=R500
Change Component Designator: Old Designator=R? New Designator=R501
Change Component Designator: Old Designator=R? New Designator=R502
Change Component Designator: Old Designator=R? New Designator=R503
Change Component Designator: Old Designator=R? New Designator=R504
Change Component Designator: Old Designator=R? New Designator=R505
Change Component Designator: Old Designator=R? New Designator=R506
Change Component Designator: Old Designator=R? New Designator=R507
Change Component Designator: Old Designator=R? New Designator=R508
Change Component Designator: Old Designator=R? New Designator=R509
Change Component Designator: Old Designator=R? New Designator=R510
Change Component Designator: Old Designator=R? New Designator=R511
Change Component Designator: Old Designator=R? New Designator=R512
Change Component Designator: Old Designator=R? New Designator=R513
Change Component Designator: Old Designator=R? New Designator=R514
Change Component Designator: Old Designator=R? New Designator=R515
Change Component Designator: Old Designator=R? New Designator=R516
Change Component Designator: Old Designator=R? New Designator=R517
Change Component Designator: Old Designator=R? New Designator=R518
Change Component Designator: Old Designator=R? New Designator=R519
Change Component Designator: Old Designator=R? New Designator=R520
Change Component Designator: Old Designator=R? New Designator=R521
Change Component Designator: Old Designator=R? New Designator=R522
Change Component Designator: Old Designator=R? New Designator=R523
Change Component Designator: Old Designator=R? New Designator=R524
Change Component Designator: Old Designator=R? New Designator=R525
Change Component Designator: Old Designator=R? New Designator=R526
Change Component Designator: Old Designator=R? New Designator=R527
Change Component Designator: Old Designator=R? New Designator=R528
Change Component Designator: Old Designator=R? New Designator=R529
Change Component Designator: Old Designator=R? New Designator=R530
Change Component Designator: Old Designator=R? New Designator=R531
Change Component Designator: Old Designator=R? New Designator=R532
Change Component Designator: Old Designator=R? New Designator=R533
Change Component Designator: Old Designator=U? New Designator=U500
Change Component Designator: Old Designator=U? New Designator=U501
Change Component Designator: Old Designator=U? New Designator=U502
Change Component Designator: Old Designator=U? New Designator=U503
