Change Component Designator: Old Designator=C500 New Designator=C?
Change Component Designator: Old Designator=C501 New Designator=C?
Change Component Designator: Old Designator=C502 New Designator=C?
Change Component Designator: Old Designator=C503 New Designator=C?
Change Component Designator: Old Designator=D500 New Designator=D?
Change Component Designator: Old Designator=D501 New Designator=D?
Change Component Designator: Old Designator=D502 New Designator=D?
Change Component Designator: Old Designator=J500 New Designator=J?
Change Component Designator: Old Designator=J501 New Designator=J?
Change Component Designator: Old Designator=J501 New Designator=J?
Change Component Designator: Old Designator=J501 New Designator=J?
Change Component Designator: Old Designator=J502 New Designator=J?
Change Component Designator: Old Designator=J503 New Designator=J?
Change Component Designator: Old Designator=J504 New Designator=J?
Change Component Designator: Old Designator=J505 New Designator=J?
Change Component Designator: Old Designator=J505 New Designator=J?
Change Component Designator: Old Designator=J505 New Designator=J?
Change Component Designator: Old Designator=J506 New Designator=J?
Change Component Designator: Old Designator=J507 New Designator=J?
Change Component Designator: Old Designator=L500 New Designator=L?
Change Component Designator: Old Designator=L501 New Designator=L?
Change Component Designator: Old Designator=L502 New Designator=L?
Change Component Designator: Old Designator=R500 New Designator=R?
Change Component Designator: Old Designator=R501 New Designator=R?
Change Component Designator: Old Designator=R502 New Designator=R?
Change Component Designator: Old Designator=R503 New Designator=R?
Change Component Designator: Old Designator=R504 New Designator=R?
Change Component Designator: Old Designator=R505 New Designator=R?
Change Component Designator: Old Designator=R506 New Designator=R?
Change Component Designator: Old Designator=R507 New Designator=R?
Change Component Designator: Old Designator=R508 New Designator=R?
Change Component Designator: Old Designator=R509 New Designator=R?
Change Component Designator: Old Designator=R510 New Designator=R?
Change Component Designator: Old Designator=R511 New Designator=R?
Change Component Designator: Old Designator=R512 New Designator=R?
Change Component Designator: Old Designator=R513 New Designator=R?
Change Component Designator: Old Designator=R514 New Designator=R?
Change Component Designator: Old Designator=R515 New Designator=R?
Change Component Designator: Old Designator=R516 New Designator=R?
Change Component Designator: Old Designator=R517 New Designator=R?
Change Component Designator: Old Designator=R518 New Designator=R?
Change Component Designator: Old Designator=R519 New Designator=R?
Change Component Designator: Old Designator=R520 New Designator=R?
Change Component Designator: Old Designator=R521 New Designator=R?
Change Component Designator: Old Designator=R522 New Designator=R?
Change Component Designator: Old Designator=R523 New Designator=R?
Change Component Designator: Old Designator=R524 New Designator=R?
Change Component Designator: Old Designator=R525 New Designator=R?
Change Component Designator: Old Designator=R526 New Designator=R?
Change Component Designator: Old Designator=R527 New Designator=R?
Change Component Designator: Old Designator=R528 New Designator=R?
Change Component Designator: Old Designator=U500 New Designator=U?
Change Component Designator: Old Designator=U501 New Designator=U?
Change Component Designator: Old Designator=U502 New Designator=U?
Change Component Designator: Old Designator=U503 New Designator=U?
