Change Component Designator: Old Designator=C400 New Designator=C?
Change Component Designator: Old Designator=C401 New Designator=C?
Change Component Designator: Old Designator=C402 New Designator=C?
Change Component Designator: Old Designator=C403 New Designator=C?
Change Component Designator: Old Designator=D400 New Designator=D?
Change Component Designator: Old Designator=J400 New Designator=J?
Change Component Designator: Old Designator=J401 New Designator=J?
Change Component Designator: Old Designator=L400 New Designator=L?
Change Component Designator: Old Designator=LED400 New Designator=LED?
Change Component Designator: Old Designator=LED401 New Designator=LED?
Change Component Designator: Old Designator=LED402 New Designator=LED?
Change Component Designator: Old Designator=LED403 New Designator=LED?
Change Component Designator: Old Designator=LED404 New Designator=LED?
Change Component Designator: Old Designator=R400 New Designator=R?
Change Component Designator: Old Designator=R401 New Designator=R?
Change Component Designator: Old Designator=R402 New Designator=R?
Change Component Designator: Old Designator=R403 New Designator=R?
Change Component Designator: Old Designator=R404 New Designator=R?
Change Component Designator: Old Designator=R405 New Designator=R?
Change Component Designator: Old Designator=R406 New Designator=R?
Change Component Designator: Old Designator=R407 New Designator=R?
Change Component Designator: Old Designator=R408 New Designator=R?
Change Component Designator: Old Designator=R409 New Designator=R?
Change Component Designator: Old Designator=R410 New Designator=R?
Change Component Designator: Old Designator=R411 New Designator=R?
Change Component Designator: Old Designator=R412 New Designator=R?
Change Component Designator: Old Designator=R413 New Designator=R?
Change Component Designator: Old Designator=R414 New Designator=R?
Change Component Designator: Old Designator=U400 New Designator=U?
Change Component Designator: Old Designator=U400 New Designator=U?
Change Component Designator: Old Designator=U400 New Designator=U?
Change Component Designator: Old Designator=U401 New Designator=U?
Change Component Designator: Old Designator=U402 New Designator=U?
