Change Component Designator: Old Designator=C200 New Designator=C?
Change Component Designator: Old Designator=C201 New Designator=C?
Change Component Designator: Old Designator=C202 New Designator=C?
Change Component Designator: Old Designator=C203 New Designator=C?
Change Component Designator: Old Designator=C204 New Designator=C?
Change Component Designator: Old Designator=C205 New Designator=C?
Change Component Designator: Old Designator=C206 New Designator=C?
Change Component Designator: Old Designator=C207 New Designator=C?
Change Component Designator: Old Designator=C208 New Designator=C?
Change Component Designator: Old Designator=C209 New Designator=C?
Change Component Designator: Old Designator=C210 New Designator=C?
Change Component Designator: Old Designator=C211 New Designator=C?
Change Component Designator: Old Designator=C212 New Designator=C?
Change Component Designator: Old Designator=C213 New Designator=C?
Change Component Designator: Old Designator=C214 New Designator=C?
Change Component Designator: Old Designator=C215 New Designator=C?
Change Component Designator: Old Designator=C216 New Designator=C?
Change Component Designator: Old Designator=C217 New Designator=C?
Change Component Designator: Old Designator=C218 New Designator=C?
Change Component Designator: Old Designator=C219 New Designator=C?
Change Component Designator: Old Designator=C220 New Designator=C?
Change Component Designator: Old Designator=C221 New Designator=C?
Change Component Designator: Old Designator=D200 New Designator=D?
Change Component Designator: Old Designator=D201 New Designator=D?
Change Component Designator: Old Designator=D202 New Designator=D?
Change Component Designator: Old Designator=F200 New Designator=F?
Change Component Designator: Old Designator=L200 New Designator=L?
Change Component Designator: Old Designator=L201 New Designator=L?
Change Component Designator: Old Designator=Q200 New Designator=Q?
Change Component Designator: Old Designator=R200 New Designator=R?
Change Component Designator: Old Designator=R201 New Designator=R?
Change Component Designator: Old Designator=R202 New Designator=R?
Change Component Designator: Old Designator=R203 New Designator=R?
Change Component Designator: Old Designator=R204 New Designator=R?
Change Component Designator: Old Designator=R205 New Designator=R?
Change Component Designator: Old Designator=R206 New Designator=R?
Change Component Designator: Old Designator=R207 New Designator=R?
Change Component Designator: Old Designator=R208 New Designator=R?
Change Component Designator: Old Designator=R209 New Designator=R?
Change Component Designator: Old Designator=R210 New Designator=R?
Change Component Designator: Old Designator=R211 New Designator=R?
Change Component Designator: Old Designator=R212 New Designator=R?
Change Component Designator: Old Designator=R213 New Designator=R?
Change Component Designator: Old Designator=R214 New Designator=R?
Change Component Designator: Old Designator=R215 New Designator=R?
Change Component Designator: Old Designator=R216 New Designator=R?
Change Component Designator: Old Designator=R217 New Designator=R?
Change Component Designator: Old Designator=R218 New Designator=R?
Change Component Designator: Old Designator=R219 New Designator=R?
Change Component Designator: Old Designator=R220 New Designator=R?
Change Component Designator: Old Designator=R221 New Designator=R?
Change Component Designator: Old Designator=R222 New Designator=R?
Change Component Designator: Old Designator=R223 New Designator=R?
Change Component Designator: Old Designator=R224 New Designator=R?
Change Component Designator: Old Designator=R225 New Designator=R?
Change Component Designator: Old Designator=R226 New Designator=R?
Change Component Designator: Old Designator=R227 New Designator=R?
Change Component Designator: Old Designator=U200 New Designator=U?
Change Component Designator: Old Designator=U200 New Designator=U?
Change Component Designator: Old Designator=U201 New Designator=U?
Change Component Designator: Old Designator=U202 New Designator=U?
Change Component Designator: Old Designator=U202 New Designator=U?
Change Component Designator: Old Designator=U203 New Designator=U?
Change Component Designator: Old Designator=U203 New Designator=U?
Change Component Designator: Old Designator=U204 New Designator=U?
Change Component Designator: Old Designator=U205 New Designator=U?
Change Component Designator: Old Designator=U206 New Designator=U?
Change Component Designator: Old Designator=U207 New Designator=U?
Change Component Designator: Old Designator=U208 New Designator=U?
